[0130/205627.700:ERROR:process_memory_win.cc(73)] ReadMemory at 0x7ff68f020000 of 64 bytes failed: Only part of a ReadProcessMemory or WriteProcessMemory request was completed. (0x12B)
[0130/205627.700:WARNING:pe_image_reader.cc(340)] could not read dos header from C:\Program Files (x86)\Google\Chrome\Application\chrome.exe
[0130/205627.700:ERROR:process_memory_win.cc(73)] ReadMemory at 0x7ffad83c0000 of 64 bytes failed: Only part of a ReadProcessMemory or WriteProcessMemory request was completed. (0x12B)
[0130/205627.700:WARNING:pe_image_reader.cc(340)] could not read dos header from C:\windows\SYSTEM32\ntdll.dll
[0130/205627.700:ERROR:process_memory_win.cc(73)] ReadMemory at 0x7ffad6dc0000 of 64 bytes failed: Only part of a ReadProcessMemory or WriteProcessMemory request was completed. (0x12B)
[0130/205627.700:WARNING:pe_image_reader.cc(340)] could not read dos header from C:\windows\System32\KERNEL32.DLL
[0130/205627.700:ERROR:process_memory_win.cc(73)] ReadMemory at 0x7ffad6060000 of 64 bytes failed: Only part of a ReadProcessMemory or WriteProcessMemory request was completed. (0x12B)
[0130/205627.700:WARNING:pe_image_reader.cc(340)] could not read dos header from C:\windows\System32\KERNELBASE.dll
[0130/205627.700:ERROR:process_memory_win.cc(73)] ReadMemory at 0x7ffa9c7d0000 of 64 bytes failed: Only part of a ReadProcessMemory or WriteProcessMemory request was completed. (0x12B)
[0130/205627.700:WARNING:pe_image_reader.cc(340)] could not read dos header from C:\Program Files (x86)\Google\Chrome\Application\79.0.3945.130\chrome_elf.dll
[0130/205627.700:ERROR:process_memory_win.cc(73)] ReadMemory at 0x7ffaceab0000 of 64 bytes failed: Only part of a ReadProcessMemory or WriteProcessMemory request was completed. (0x12B)
[0130/205627.700:WARNING:pe_image_reader.cc(340)] could not read dos header from C:\windows\SYSTEM32\VERSION.dll
[0130/205627.700:ERROR:process_memory_win.cc(73)] ReadMemory at 0x7ffad65c0000 of 64 bytes failed: Only part of a ReadProcessMemory or WriteProcessMemory request was completed. (0x12B)
[0130/205627.700:WARNING:pe_image_reader.cc(340)] could not read dos header from C:\windows\System32\msvcrt.dll
[0130/205627.700:ERROR:process_memory_win.cc(73)] ReadMemory at 0x7ffad5c40000 of 64 bytes failed: Only part of a ReadProcessMemory or WriteProcessMemory request was completed. (0x12B)
[0130/205627.700:WARNING:pe_image_reader.cc(340)] could not read dos header from C:\windows\System32\bcryptPrimitives.dll
[0130/205627.700:ERROR:process_memory_win.cc(73)] ReadMemory at 0x7ffad8210000 of 64 bytes failed: Only part of a ReadProcessMemory or WriteProcessMemory request was completed. (0x12B)
[0130/205627.700:WARNING:pe_image_reader.cc(340)] could not read dos header from C:\windows\System32\ADVAPI32.dll
[0130/205627.700:ERROR:process_memory_win.cc(73)] ReadMemory at 0x7ffad77c0000 of 64 bytes failed: Only part of a ReadProcessMemory or WriteProcessMemory request was completed. (0x12B)
[0130/205627.700:WARNING:pe_image_reader.cc(340)] could not read dos header from C:\windows\System32\sechost.dll
[0130/205627.700:ERROR:process_memory_win.cc(73)] ReadMemory at 0x7ffad6ad0000 of 64 bytes failed: Only part of a ReadProcessMemory or WriteProcessMemory request was completed. (0x12B)
[0130/205627.700:WARNING:pe_image_reader.cc(340)] could not read dos header from C:\windows\System32\RPCRT4.dll
[0130/205627.700:ERROR:process_memory_win.cc(73)] ReadMemory at 0x7ffa7e380000 of 64 bytes failed: Only part of a ReadProcessMemory or WriteProcessMemory request was completed. (0x12B)
[0130/205627.700:WARNING:pe_image_reader.cc(340)] could not read dos header from C:\Program Files (x86)\Google\Chrome\Application\79.0.3945.130\chrome_child.dll
[0130/205627.700:ERROR:process_memory_win.cc(73)] ReadMemory at 0x7ffad8080000 of 64 bytes failed: Only part of a ReadProcessMemory or WriteProcessMemory request was completed. (0x12B)
[0130/205627.700:WARNING:pe_image_reader.cc(340)] could not read dos header from C:\windows\System32\OLEAUT32.dll
[0130/205627.700:ERROR:process_memory_win.cc(73)] ReadMemory at 0x7ffad5fc0000 of 64 bytes failed: Only part of a ReadProcessMemory or WriteProcessMemory request was completed. (0x12B)
[0130/205627.700:WARNING:pe_image_reader.cc(340)] could not read dos header from C:\windows\System32\msvcp_win.dll
[0130/205627.700:ERROR:process_memory_win.cc(73)] ReadMemory at 0x7ffad6310000 of 64 bytes failed: Only part of a ReadProcessMemory or WriteProcessMemory request was completed. (0x12B)
[0130/205627.700:WARNING:pe_image_reader.cc(340)] could not read dos header from C:\windows\System32\ucrtbase.dll
[0130/205627.700:ERROR:process_memory_win.cc(73)] ReadMemory at 0x7ffad79a0000 of 64 bytes failed: Only part of a ReadProcessMemory or WriteProcessMemory request was completed. (0x12B)
[0130/205627.700:WARNING:pe_image_reader.cc(340)] could not read dos header from C:\windows\System32\combase.dll
[0130/205627.700:ERROR:process_memory_win.cc(73)] ReadMemory at 0x7ffad7ce0000 of 64 bytes failed: Only part of a ReadProcessMemory or WriteProcessMemory request was completed. (0x12B)
[0130/205627.700:WARNING:pe_image_reader.cc(340)] could not read dos header from C:\windows\System32\WS2_32.dll
[0130/205627.700:ERROR:process_memory_win.cc(73)] ReadMemory at 0x7ffad6410000 of 64 bytes failed: Only part of a ReadProcessMemory or WriteProcessMemory request was completed. (0x12B)
[0130/205627.700:WARNING:pe_image_reader.cc(340)] could not read dos header from C:\windows\System32\WINTRUST.dll
[0130/205627.700:ERROR:process_memory_win.cc(73)] ReadMemory at 0x7ffad52e0000 of 64 bytes failed: Only part of a ReadProcessMemory or WriteProcessMemory request was completed. (0x12B)
[0130/205627.700:WARNING:pe_image_reader.cc(340)] could not read dos header from C:\windows\System32\MSASN1.dll
[0130/205627.700:ERROR:process_memory_win.cc(73)] ReadMemory at 0x7ffad5ad0000 of 64 bytes failed: Only part of a ReadProcessMemory or WriteProcessMemory request was completed. (0x12B)
[0130/205627.700:WARNING:pe_image_reader.cc(340)] could not read dos header from C:\windows\System32\CRYPT32.dll
[0130/205627.700:ERROR:process_memory_win.cc(73)] ReadMemory at 0x7ffad4810000 of 64 bytes failed: Only part of a ReadProcessMemory or WriteProcessMemory request was completed. (0x12B)
[0130/205627.700:WARNING:pe_image_reader.cc(340)] could not read dos header from C:\windows\SYSTEM32\IPHLPAPI.DLL
[0130/205627.700:ERROR:process_memory_win.cc(73)] ReadMemory at 0x7ffac69b0000 of 64 bytes failed: Only part of a ReadProcessMemory or WriteProcessMemory request was completed. (0x12B)
[0130/205627.700:WARNING:pe_image_reader.cc(340)] could not read dos header from C:\windows\SYSTEM32\WINMM.dll
[0130/205627.700:ERROR:process_memory_win.cc(73)] ReadMemory at 0x7ffad51b0000 of 64 bytes failed: Only part of a ReadProcessMemory or WriteProcessMemory request was completed. (0x12B)
[0130/205627.700:WARNING:pe_image_reader.cc(340)] could not read dos header from C:\windows\SYSTEM32\USERENV.dll
[0130/205627.700:ERROR:process_memory_win.cc(73)] ReadMemory at 0x7ffad52c0000 of 64 bytes failed: Only part of a ReadProcessMemory or WriteProcessMemory request was completed. (0x12B)
[0130/205627.700:WARNING:pe_image_reader.cc(340)] could not read dos header from C:\windows\System32\profapi.dll
[0130/205627.700:ERROR:process_memory_win.cc(73)] ReadMemory at 0x7ffabe740000 of 64 bytes failed: Only part of a ReadProcessMemory or WriteProcessMemory request was completed. (0x12B)
[0130/205627.700:WARNING:pe_image_reader.cc(340)] could not read dos header from C:\windows\SYSTEM32\DWrite.dll
[0130/205627.700:ERROR:process_memory_win.cc(73)] ReadMemory at 0x7ffab1c00000 of 64 bytes failed: Only part of a ReadProcessMemory or WriteProcessMemory request was completed. (0x12B)
[0130/205627.700:WARNING:pe_image_reader.cc(340)] could not read dos header from C:\windows\SYSTEM32\WINSPOOL.DRV
[0130/205627.700:ERROR:process_memory_win.cc(73)] ReadMemory at 0x7ffad52a0000 of 64 bytes failed: Only part of a ReadProcessMemory or WriteProcessMemory request was completed. (0x12B)
[0130/205627.700:WARNING:pe_image_reader.cc(340)] could not read dos header from C:\windows\System32\kernel.appcore.dll
[0130/205627.700:ERROR:process_memory_win.cc(73)] ReadMemory at 0x7ffad5e60000 of 64 bytes failed: Only part of a ReadProcessMemory or WriteProcessMemory request was completed. (0x12B)
[0130/205627.700:WARNING:pe_image_reader.cc(340)] could not read dos header from C:\windows\System32\bcrypt.dll
[0130/205627.700:ERROR:process_memory_win.cc(73)] ReadMemory at 0x7ffad3bd0000 of 64 bytes failed: Only part of a ReadProcessMemory or WriteProcessMemory request was completed. (0x12B)
[0130/205627.700:WARNING:pe_image_reader.cc(340)] could not read dos header from C:\windows\SYSTEM32\dbghelp.dll
[0130/205627.700:ERROR:process_memory_win.cc(73)] ReadMemory at 0x7ffabd3c0000 of 64 bytes failed: Only part of a ReadProcessMemory or WriteProcessMemory request was completed. (0x12B)
[0130/205627.700:WARNING:pe_image_reader.cc(340)] could not read dos header from C:\windows\SYSTEM32\Secur32.dll
[0130/205627.700:ERROR:process_memory_win.cc(73)] ReadMemory at 0x7ffac7140000 of 64 bytes failed: Only part of a ReadProcessMemory or WriteProcessMemory request was completed. (0x12B)
[0130/205627.700:WARNING:pe_image_reader.cc(340)] could not read dos header from C:\windows\SYSTEM32\WINHTTP.dll
[0130/205627.700:ERROR:process_memory_win.cc(73)] ReadMemory at 0x7ffacb920000 of 64 bytes failed: Only part of a ReadProcessMemory or WriteProcessMemory request was completed. (0x12B)
[0130/205627.700:WARNING:pe_image_reader.cc(340)] could not read dos header from C:\windows\SYSTEM32\dhcpcsvc.DLL
[0130/205627.700:ERROR:process_memory_win.cc(73)] ReadMemory at 0x7ffad8000000 of 64 bytes failed: Only part of a ReadProcessMemory or WriteProcessMemory request was completed. (0x12B)
[0130/205627.700:WARNING:pe_image_reader.cc(340)] could not read dos header from C:\windows\System32\NSI.dll
[0130/205627.700:ERROR:process_memory_win.cc(73)] ReadMemory at 0x7ffac6980000 of 64 bytes failed: Only part of a ReadProcessMemory or WriteProcessMemory request was completed. (0x12B)
[0130/205627.700:WARNING:pe_image_reader.cc(340)] could not read dos header from C:\windows\SYSTEM32\WINMMBASE.dll
[0130/205627.700:ERROR:process_memory_win.cc(73)] ReadMemory at 0x7ffad5e90000 of 64 bytes failed: Only part of a ReadProcessMemory or WriteProcessMemory request was completed. (0x12B)
[0130/205627.700:WARNING:pe_image_reader.cc(340)] could not read dos header from C:\windows\System32\cfgmgr32.dll
[0130/205627.700:ERROR:process_memory_win.cc(73)] ReadMemory at 0x7ffad2ff0000 of 64 bytes failed: Only part of a ReadProcessMemory or WriteProcessMemory request was completed. (0x12B)
[0130/205627.700:WARNING:pe_image_reader.cc(340)] could not read dos header from C:\windows\SYSTEM32\PROPSYS.dll
[0130/205627.700:ERROR:process_memory_win.cc(73)] ReadMemory at 0x7ffad8150000 of 64 bytes failed: Only part of a ReadProcessMemory or WriteProcessMemory request was completed. (0x12B)
[0130/205627.700:WARNING:pe_image_reader.cc(340)] could not read dos header from C:\windows\System32\shcore.dll
[0130/205627.700:ERROR:process_memory_win.cc(73)] ReadMemory at 0x7ffad5180000 of 64 bytes failed: Only part of a ReadProcessMemory or WriteProcessMemory request was completed. (0x12B)
[0130/205627.700:WARNING:pe_image_reader.cc(340)] could not read dos header from C:\windows\SYSTEM32\SSPICLI.DLL
[0130/205627.700:ERROR:process_memory_win.cc(73)] ReadMemory at 0x7ffad6ef0000 of 64 bytes failed: Only part of a ReadProcessMemory or WriteProcessMemory request was completed. (0x12B)
[0130/205627.700:WARNING:pe_image_reader.cc(340)] could not read dos header from C:\windows\System32\SHELL32.dll
[0130/205627.700:ERROR:process_memory_win.cc(73)] ReadMemory at 0x7ffad5350000 of 64 bytes failed: Only part of a ReadProcessMemory or WriteProcessMemory request was completed. (0x12B)
[0130/205627.700:WARNING:pe_image_reader.cc(340)] could not read dos header from C:\windows\System32\windows.storage.dll
[0130/205627.700:ERROR:process_memory_win.cc(73)] ReadMemory at 0x7ffad5300000 of 64 bytes failed: Only part of a ReadProcessMemory or WriteProcessMemory request was completed. (0x12B)
[0130/205627.700:WARNING:pe_image_reader.cc(340)] could not read dos header from C:\windows\System32\powrprof.dll
[0130/205627.700:ERROR:process_memory_win.cc(73)] ReadMemory at 0x7ffad5290000 of 64 bytes failed: Only part of a ReadProcessMemory or WriteProcessMemory request was completed. (0x12B)
[0130/205627.700:WARNING:pe_image_reader.cc(340)] could not read dos header from C:\windows\System32\UMPDC.dll
[0130/205627.700:ERROR:process_memory_win.cc(73)] ReadMemory at 0x7ffad7ef0000 of 64 bytes failed: Only part of a ReadProcessMemory or WriteProcessMemory request was completed. (0x12B)
[0130/205627.700:WARNING:pe_image_reader.cc(340)] could not read dos header from C:\windows\System32\shlwapi.dll
[0130/205627.700:ERROR:process_memory_win.cc(73)] ReadMemory at 0x7ffad8020000 of 64 bytes failed: Only part of a ReadProcessMemory or WriteProcessMemory request was completed. (0x12B)
[0130/205627.700:WARNING:pe_image_reader.cc(340)] could not read dos header from C:\windows\System32\GDI32.dll
[0130/205627.700:ERROR:process_memory_win.cc(73)] ReadMemory at 0x7ffad5f90000 of 64 bytes failed: Only part of a ReadProcessMemory or WriteProcessMemory request was completed. (0x12B)
[0130/205627.700:WARNING:pe_image_reader.cc(340)] could not read dos header from C:\windows\System32\win32u.dll
[0130/205627.700:ERROR:process_memory_win.cc(73)] ReadMemory at 0x7ffad5cc0000 of 64 bytes failed: Only part of a ReadProcessMemory or WriteProcessMemory request was completed. (0x12B)
[0130/205627.700:WARNING:pe_image_reader.cc(340)] could not read dos header from C:\windows\System32\gdi32full.dll
[0130/205627.700:ERROR:process_memory_win.cc(73)] ReadMemory at 0x7ffad7d50000 of 64 bytes failed: Only part of a ReadProcessMemory or WriteProcessMemory request was completed. (0x12B)
[0130/205627.700:WARNING:pe_image_reader.cc(340)] could not read dos header from C:\windows\System32\USER32.dll
[0130/205627.700:ERROR:process_memory_win.cc(73)] ReadMemory at 0x7ffad5c20000 of 64 bytes failed: Only part of a ReadProcessMemory or WriteProcessMemory request was completed. (0x12B)
[0130/205627.700:WARNING:pe_image_reader.cc(340)] could not read dos header from C:\windows\System32\cryptsp.dll
[0130/205627.700:ERROR:process_memory_win.cc(73)] ReadMemory at 0x17b78030000 of 64 bytes failed: Only part of a ReadProcessMemory or WriteProcessMemory request was completed. (0x12B)
[0130/205627.700:WARNING:pe_image_reader.cc(340)] could not read dos header from C:\windows\System32\IMM32.DLL
[0130/205627.700:ERROR:process_memory_win.cc(73)] ReadMemory at 0x7ffad4cd0000 of 64 bytes failed: Only part of a ReadProcessMemory or WriteProcessMemory request was completed. (0x12B)
[0130/205627.700:WARNING:pe_image_reader.cc(340)] could not read dos header from C:\windows\SYSTEM32\CRYPTBASE.DLL
[0130/205627.700:ERROR:process_memory_win.cc(73)] ReadMemory at 0x7ff68f020000 of 64 bytes failed: Only part of a ReadProcessMemory or WriteProcessMemory request was completed. (0x12B)
[0130/205627.700:WARNING:pe_image_reader.cc(340)] could not read dos header from C:\Program Files (x86)\Google\Chrome\Application\chrome.exe
[0130/205627.700:ERROR:process_memory_win.cc(73)] ReadMemory at 0x7ffad83c0000 of 64 bytes failed: Only part of a ReadProcessMemory or WriteProcessMemory request was completed. (0x12B)
[0130/205627.700:WARNING:pe_image_reader.cc(340)] could not read dos header from C:\windows\SYSTEM32\ntdll.dll
[0130/205627.700:ERROR:process_memory_win.cc(73)] ReadMemory at 0x7ffad6dc0000 of 64 bytes failed: Only part of a ReadProcessMemory or WriteProcessMemory request was completed. (0x12B)
[0130/205627.700:WARNING:pe_image_reader.cc(340)] could not read dos header from C:\windows\System32\KERNEL32.DLL
[0130/205627.700:ERROR:process_memory_win.cc(73)] ReadMemory at 0x7ffad6060000 of 64 bytes failed: Only part of a ReadProcessMemory or WriteProcessMemory request was completed. (0x12B)
[0130/205627.700:WARNING:pe_image_reader.cc(340)] could not read dos header from C:\windows\System32\KERNELBASE.dll
[0130/205627.700:ERROR:process_memory_win.cc(73)] ReadMemory at 0x7ffa9c7d0000 of 64 bytes failed: Only part of a ReadProcessMemory or WriteProcessMemory request was completed. (0x12B)
[0130/205627.700:WARNING:pe_image_reader.cc(340)] could not read dos header from C:\Program Files (x86)\Google\Chrome\Application\79.0.3945.130\chrome_elf.dll
[0130/205627.700:ERROR:process_memory_win.cc(73)] ReadMemory at 0x7ffaceab0000 of 64 bytes failed: Only part of a ReadProcessMemory or WriteProcessMemory request was completed. (0x12B)
[0130/205627.700:WARNING:pe_image_reader.cc(340)] could not read dos header from C:\windows\SYSTEM32\VERSION.dll
[0130/205627.700:ERROR:process_memory_win.cc(73)] ReadMemory at 0x7ffad65c0000 of 64 bytes failed: Only part of a ReadProcessMemory or WriteProcessMemory request was completed. (0x12B)
[0130/205627.700:WARNING:pe_image_reader.cc(340)] could not read dos header from C:\windows\System32\msvcrt.dll
[0130/205627.700:ERROR:process_memory_win.cc(73)] ReadMemory at 0x7ffad5c40000 of 64 bytes failed: Only part of a ReadProcessMemory or WriteProcessMemory request was completed. (0x12B)
[0130/205627.700:WARNING:pe_image_reader.cc(340)] could not read dos header from C:\windows\System32\bcryptPrimitives.dll
[0130/205627.700:ERROR:process_memory_win.cc(73)] ReadMemory at 0x7ffad8210000 of 64 bytes failed: Only part of a ReadProcessMemory or WriteProcessMemory request was completed. (0x12B)
[0130/205627.700:WARNING:pe_image_reader.cc(340)] could not read dos header from C:\windows\System32\ADVAPI32.dll
[0130/205627.700:ERROR:process_memory_win.cc(73)] ReadMemory at 0x7ffad77c0000 of 64 bytes failed: Only part of a ReadProcessMemory or WriteProcessMemory request was completed. (0x12B)
[0130/205627.700:WARNING:pe_image_reader.cc(340)] could not read dos header from C:\windows\System32\sechost.dll
[0130/205627.700:ERROR:process_memory_win.cc(73)] ReadMemory at 0x7ffad6ad0000 of 64 bytes failed: Only part of a ReadProcessMemory or WriteProcessMemory request was completed. (0x12B)
[0130/205627.700:WARNING:pe_image_reader.cc(340)] could not read dos header from C:\windows\System32\RPCRT4.dll
[0130/205627.700:ERROR:process_memory_win.cc(73)] ReadMemory at 0x7ffa7e380000 of 64 bytes failed: Only part of a ReadProcessMemory or WriteProcessMemory request was completed. (0x12B)
[0130/205627.700:WARNING:pe_image_reader.cc(340)] could not read dos header from C:\Program Files (x86)\Google\Chrome\Application\79.0.3945.130\chrome_child.dll
[0130/205627.700:ERROR:process_memory_win.cc(73)] ReadMemory at 0x7ffad8080000 of 64 bytes failed: Only part of a ReadProcessMemory or WriteProcessMemory request was completed. (0x12B)
[0130/205627.700:WARNING:pe_image_reader.cc(340)] could not read dos header from C:\windows\System32\OLEAUT32.dll
[0130/205627.700:ERROR:process_memory_win.cc(73)] ReadMemory at 0x7ffad5fc0000 of 64 bytes failed: Only part of a ReadProcessMemory or WriteProcessMemory request was completed. (0x12B)
[0130/205627.700:WARNING:pe_image_reader.cc(340)] could not read dos header from C:\windows\System32\msvcp_win.dll
[0130/205627.700:ERROR:process_memory_win.cc(73)] ReadMemory at 0x7ffad6310000 of 64 bytes failed: Only part of a ReadProcessMemory or WriteProcessMemory request was completed. (0x12B)
[0130/205627.700:WARNING:pe_image_reader.cc(340)] could not read dos header from C:\windows\System32\ucrtbase.dll
[0130/205627.700:ERROR:process_memory_win.cc(73)] ReadMemory at 0x7ffad79a0000 of 64 bytes failed: Only part of a ReadProcessMemory or WriteProcessMemory request was completed. (0x12B)
[0130/205627.700:WARNING:pe_image_reader.cc(340)] could not read dos header from C:\windows\System32\combase.dll
[0130/205627.700:ERROR:process_memory_win.cc(73)] ReadMemory at 0x7ffad7ce0000 of 64 bytes failed: Only part of a ReadProcessMemory or WriteProcessMemory request was completed. (0x12B)
[0130/205627.700:WARNING:pe_image_reader.cc(340)] could not read dos header from C:\windows\System32\WS2_32.dll
[0130/205627.700:ERROR:process_memory_win.cc(73)] ReadMemory at 0x7ffad6410000 of 64 bytes failed: Only part of a ReadProcessMemory or WriteProcessMemory request was completed. (0x12B)
[0130/205627.700:WARNING:pe_image_reader.cc(340)] could not read dos header from C:\windows\System32\WINTRUST.dll
[0130/205627.700:ERROR:process_memory_win.cc(73)] ReadMemory at 0x7ffad52e0000 of 64 bytes failed: Only part of a ReadProcessMemory or WriteProcessMemory request was completed. (0x12B)
[0130/205627.700:WARNING:pe_image_reader.cc(340)] could not read dos header from C:\windows\System32\MSASN1.dll
[0130/205627.700:ERROR:process_memory_win.cc(73)] ReadMemory at 0x7ffad5ad0000 of 64 bytes failed: Only part of a ReadProcessMemory or WriteProcessMemory request was completed. (0x12B)
[0130/205627.700:WARNING:pe_image_reader.cc(340)] could not read dos header from C:\windows\System32\CRYPT32.dll
[0130/205627.700:ERROR:process_memory_win.cc(73)] ReadMemory at 0x7ffad4810000 of 64 bytes failed: Only part of a ReadProcessMemory or WriteProcessMemory request was completed. (0x12B)
[0130/205627.700:WARNING:pe_image_reader.cc(340)] could not read dos header from C:\windows\SYSTEM32\IPHLPAPI.DLL
[0130/205627.700:ERROR:process_memory_win.cc(73)] ReadMemory at 0x7ffac69b0000 of 64 bytes failed: Only part of a ReadProcessMemory or WriteProcessMemory request was completed. (0x12B)
[0130/205627.700:WARNING:pe_image_reader.cc(340)] could not read dos header from C:\windows\SYSTEM32\WINMM.dll
[0130/205627.716:ERROR:process_memory_win.cc(73)] ReadMemory at 0x7ffad51b0000 of 64 bytes failed: Only part of a ReadProcessMemory or WriteProcessMemory request was completed. (0x12B)
[0130/205627.716:WARNING:pe_image_reader.cc(340)] could not read dos header from C:\windows\SYSTEM32\USERENV.dll
[0130/205627.716:ERROR:process_memory_win.cc(73)] ReadMemory at 0x7ffad52c0000 of 64 bytes failed: Only part of a ReadProcessMemory or WriteProcessMemory request was completed. (0x12B)
[0130/205627.716:WARNING:pe_image_reader.cc(340)] could not read dos header from C:\windows\System32\profapi.dll
[0130/205627.716:ERROR:process_memory_win.cc(73)] ReadMemory at 0x7ffabe740000 of 64 bytes failed: Only part of a ReadProcessMemory or WriteProcessMemory request was completed. (0x12B)
[0130/205627.716:WARNING:pe_image_reader.cc(340)] could not read dos header from C:\windows\SYSTEM32\DWrite.dll
[0130/205627.716:ERROR:process_memory_win.cc(73)] ReadMemory at 0x7ffab1c00000 of 64 bytes failed: Only part of a ReadProcessMemory or WriteProcessMemory request was completed. (0x12B)
[0130/205627.716:WARNING:pe_image_reader.cc(340)] could not read dos header from C:\windows\SYSTEM32\WINSPOOL.DRV
[0130/205627.716:ERROR:process_memory_win.cc(73)] ReadMemory at 0x7ffad52a0000 of 64 bytes failed: Only part of a ReadProcessMemory or WriteProcessMemory request was completed. (0x12B)
[0130/205627.716:WARNING:pe_image_reader.cc(340)] could not read dos header from C:\windows\System32\kernel.appcore.dll
[0130/205627.716:ERROR:process_memory_win.cc(73)] ReadMemory at 0x7ffad5e60000 of 64 bytes failed: Only part of a ReadProcessMemory or WriteProcessMemory request was completed. (0x12B)
[0130/205627.716:WARNING:pe_image_reader.cc(340)] could not read dos header from C:\windows\System32\bcrypt.dll
[0130/205627.716:ERROR:process_memory_win.cc(73)] ReadMemory at 0x7ffad3bd0000 of 64 bytes failed: Only part of a ReadProcessMemory or WriteProcessMemory request was completed. (0x12B)
[0130/205627.716:WARNING:pe_image_reader.cc(340)] could not read dos header from C:\windows\SYSTEM32\dbghelp.dll
[0130/205627.716:ERROR:process_memory_win.cc(73)] ReadMemory at 0x7ffabd3c0000 of 64 bytes failed: Only part of a ReadProcessMemory or WriteProcessMemory request was completed. (0x12B)
[0130/205627.716:WARNING:pe_image_reader.cc(340)] could not read dos header from C:\windows\SYSTEM32\Secur32.dll
[0130/205627.716:ERROR:process_memory_win.cc(73)] ReadMemory at 0x7ffac7140000 of 64 bytes failed: Only part of a ReadProcessMemory or WriteProcessMemory request was completed. (0x12B)
[0130/205627.716:WARNING:pe_image_reader.cc(340)] could not read dos header from C:\windows\SYSTEM32\WINHTTP.dll
[0130/205627.716:ERROR:process_memory_win.cc(73)] ReadMemory at 0x7ffacb920000 of 64 bytes failed: Only part of a ReadProcessMemory or WriteProcessMemory request was completed. (0x12B)
[0130/205627.716:WARNING:pe_image_reader.cc(340)] could not read dos header from C:\windows\SYSTEM32\dhcpcsvc.DLL
[0130/205627.716:ERROR:process_memory_win.cc(73)] ReadMemory at 0x7ffad8000000 of 64 bytes failed: Only part of a ReadProcessMemory or WriteProcessMemory request was completed. (0x12B)
[0130/205627.716:WARNING:pe_image_reader.cc(340)] could not read dos header from C:\windows\System32\NSI.dll
[0130/205627.716:ERROR:process_memory_win.cc(73)] ReadMemory at 0x7ffac6980000 of 64 bytes failed: Only part of a ReadProcessMemory or WriteProcessMemory request was completed. (0x12B)
[0130/205627.716:WARNING:pe_image_reader.cc(340)] could not read dos header from C:\windows\SYSTEM32\WINMMBASE.dll
[0130/205627.716:ERROR:process_memory_win.cc(73)] ReadMemory at 0x7ffad5e90000 of 64 bytes failed: Only part of a ReadProcessMemory or WriteProcessMemory request was completed. (0x12B)
[0130/205627.716:WARNING:pe_image_reader.cc(340)] could not read dos header from C:\windows\System32\cfgmgr32.dll
[0130/205627.716:ERROR:process_memory_win.cc(73)] ReadMemory at 0x7ffad2ff0000 of 64 bytes failed: Only part of a ReadProcessMemory or WriteProcessMemory request was completed. (0x12B)
[0130/205627.716:WARNING:pe_image_reader.cc(340)] could not read dos header from C:\windows\SYSTEM32\PROPSYS.dll
[0130/205627.716:ERROR:process_memory_win.cc(73)] ReadMemory at 0x7ffad8150000 of 64 bytes failed: Only part of a ReadProcessMemory or WriteProcessMemory request was completed. (0x12B)
[0130/205627.716:WARNING:pe_image_reader.cc(340)] could not read dos header from C:\windows\System32\shcore.dll
[0130/205627.716:ERROR:process_memory_win.cc(73)] ReadMemory at 0x7ffad5180000 of 64 bytes failed: Only part of a ReadProcessMemory or WriteProcessMemory request was completed. (0x12B)
[0130/205627.716:WARNING:pe_image_reader.cc(340)] could not read dos header from C:\windows\SYSTEM32\SSPICLI.DLL
[0130/205627.716:ERROR:process_memory_win.cc(73)] ReadMemory at 0x7ffad6ef0000 of 64 bytes failed: Only part of a ReadProcessMemory or WriteProcessMemory request was completed. (0x12B)
[0130/205627.716:WARNING:pe_image_reader.cc(340)] could not read dos header from C:\windows\System32\SHELL32.dll
[0130/205627.716:ERROR:process_memory_win.cc(73)] ReadMemory at 0x7ffad5350000 of 64 bytes failed: Only part of a ReadProcessMemory or WriteProcessMemory request was completed. (0x12B)
[0130/205627.716:WARNING:pe_image_reader.cc(340)] could not read dos header from C:\windows\System32\windows.storage.dll
[0130/205627.716:ERROR:process_memory_win.cc(73)] ReadMemory at 0x7ffad5300000 of 64 bytes failed: Only part of a ReadProcessMemory or WriteProcessMemory request was completed. (0x12B)
[0130/205627.716:WARNING:pe_image_reader.cc(340)] could not read dos header from C:\windows\System32\powrprof.dll
[0130/205627.716:ERROR:process_memory_win.cc(73)] ReadMemory at 0x7ffad5290000 of 64 bytes failed: Only part of a ReadProcessMemory or WriteProcessMemory request was completed. (0x12B)
[0130/205627.716:WARNING:pe_image_reader.cc(340)] could not read dos header from C:\windows\System32\UMPDC.dll
[0130/205627.716:ERROR:process_memory_win.cc(73)] ReadMemory at 0x7ffad7ef0000 of 64 bytes failed: Only part of a ReadProcessMemory or WriteProcessMemory request was completed. (0x12B)
[0130/205627.716:WARNING:pe_image_reader.cc(340)] could not read dos header from C:\windows\System32\shlwapi.dll
[0130/205627.716:ERROR:process_memory_win.cc(73)] ReadMemory at 0x7ffad8020000 of 64 bytes failed: Only part of a ReadProcessMemory or WriteProcessMemory request was completed. (0x12B)
[0130/205627.716:WARNING:pe_image_reader.cc(340)] could not read dos header from C:\windows\System32\GDI32.dll
[0130/205627.716:ERROR:process_memory_win.cc(73)] ReadMemory at 0x7ffad5f90000 of 64 bytes failed: Only part of a ReadProcessMemory or WriteProcessMemory request was completed. (0x12B)
[0130/205627.716:WARNING:pe_image_reader.cc(340)] could not read dos header from C:\windows\System32\win32u.dll
[0130/205627.716:ERROR:process_memory_win.cc(73)] ReadMemory at 0x7ffad5cc0000 of 64 bytes failed: Only part of a ReadProcessMemory or WriteProcessMemory request was completed. (0x12B)
[0130/205627.716:WARNING:pe_image_reader.cc(340)] could not read dos header from C:\windows\System32\gdi32full.dll
[0130/205627.716:ERROR:process_memory_win.cc(73)] ReadMemory at 0x7ffad7d50000 of 64 bytes failed: Only part of a ReadProcessMemory or WriteProcessMemory request was completed. (0x12B)
[0130/205627.716:WARNING:pe_image_reader.cc(340)] could not read dos header from C:\windows\System32\USER32.dll
[0130/205627.716:ERROR:process_memory_win.cc(73)] ReadMemory at 0x7ffad5c20000 of 64 bytes failed: Only part of a ReadProcessMemory or WriteProcessMemory request was completed. (0x12B)
[0130/205627.716:WARNING:pe_image_reader.cc(340)] could not read dos header from C:\windows\System32\cryptsp.dll
[0130/205627.716:ERROR:process_memory_win.cc(73)] ReadMemory at 0x17b78030000 of 64 bytes failed: Only part of a ReadProcessMemory or WriteProcessMemory request was completed. (0x12B)
[0130/205627.716:WARNING:pe_image_reader.cc(340)] could not read dos header from C:\windows\System32\IMM32.DLL
[0130/205627.716:ERROR:process_memory_win.cc(73)] ReadMemory at 0x7ffad4cd0000 of 64 bytes failed: Only part of a ReadProcessMemory or WriteProcessMemory request was completed. (0x12B)
[0130/205627.716:WARNING:pe_image_reader.cc(340)] could not read dos header from C:\windows\SYSTEM32\CRYPTBASE.DLL
[0130/205627.716:ERROR:process_memory_win.cc(73)] ReadMemory at 0x6801be9000 of 94208 bytes failed: Only part of a ReadProcessMemory or WriteProcessMemory request was completed. (0x12B)
[0130/205627.716:ERROR:process_memory_win.cc(73)] ReadMemory at 0x68023fd000 of 12288 bytes failed: Only part of a ReadProcessMemory or WriteProcessMemory request was completed. (0x12B)
[0130/205627.716:ERROR:process_memory_win.cc(73)] ReadMemory at 0x6802bf5000 of 45056 bytes failed: Only part of a ReadProcessMemory or WriteProcessMemory request was completed. (0x12B)
[0130/205627.716:ERROR:process_memory_win.cc(73)] ReadMemory at 0x68033fc000 of 16384 bytes failed: Only part of a ReadProcessMemory or WriteProcessMemory request was completed. (0x12B)
[0130/205627.716:ERROR:process_memory_win.cc(73)] ReadMemory at 0x6803bfc000 of 16384 bytes failed: Only part of a ReadProcessMemory or WriteProcessMemory request was completed. (0x12B)
[0130/205627.716:ERROR:process_memory_win.cc(73)] ReadMemory at 0x68043fe000 of 8192 bytes failed: Only part of a ReadProcessMemory or WriteProcessMemory request was completed. (0x12B)
[0130/205627.716:ERROR:process_memory_win.cc(73)] ReadMemory at 0x6804bfd000 of 12288 bytes failed: Only part of a ReadProcessMemory or WriteProcessMemory request was completed. (0x12B)
[0130/205627.731:ERROR:process_memory_win.cc(73)] ReadMemory at 0x68053fb000 of 20480 bytes failed: Only part of a ReadProcessMemory or WriteProcessMemory request was completed. (0x12B)
[0130/205627.731:ERROR:process_memory_win.cc(73)] ReadMemory at 0x6805bfd000 of 12288 bytes failed: Only part of a ReadProcessMemory or WriteProcessMemory request was completed. (0x12B)
[0130/205627.731:ERROR:process_memory_win.cc(73)] ReadMemory at 0x68063fa000 of 24576 bytes failed: Only part of a ReadProcessMemory or WriteProcessMemory request was completed. (0x12B)
[0130/205627.731:ERROR:process_memory_win.cc(73)] ReadMemory at 0x6806bf6000 of 40960 bytes failed: Only part of a ReadProcessMemory or WriteProcessMemory request was completed. (0x12B)
[0130/205627.731:ERROR:process_memory_win.cc(73)] ReadMemory at 0x68073fd000 of 12288 bytes failed: Only part of a ReadProcessMemory or WriteProcessMemory request was completed. (0x12B)
[0130/205627.731:ERROR:process_memory_win.cc(73)] ReadMemory at 0x6807bfd000 of 12288 bytes failed: Only part of a ReadProcessMemory or WriteProcessMemory request was completed. (0x12B)
[0130/205627.731:ERROR:process_memory_win.cc(73)] ReadMemory at 0x68083fa000 of 24576 bytes failed: Only part of a ReadProcessMemory or WriteProcessMemory request was completed. (0x12B)
[0130/205627.731:ERROR:process_memory_win.cc(73)] ReadMemory at 0x6808bf9000 of 28672 bytes failed: Only part of a ReadProcessMemory or WriteProcessMemory request was completed. (0x12B)
[0130/205627.731:ERROR:process_memory_win.cc(73)] ReadMemory at 0x6801200000 of 6024 bytes failed: Only part of a ReadProcessMemory or WriteProcessMemory request was completed. (0x12B)
[0130/205627.731:ERROR:process_memory_win.cc(73)] ReadMemory at 0x6801202000 of 6024 bytes failed: Only part of a ReadProcessMemory or WriteProcessMemory request was completed. (0x12B)
[0130/205627.731:ERROR:process_memory_win.cc(73)] ReadMemory at 0x6801204000 of 6024 bytes failed: Only part of a ReadProcessMemory or WriteProcessMemory request was completed. (0x12B)
[0130/205627.731:ERROR:process_memory_win.cc(73)] ReadMemory at 0x6801206000 of 6024 bytes failed: Only part of a ReadProcessMemory or WriteProcessMemory request was completed. (0x12B)
[0130/205627.731:ERROR:process_memory_win.cc(73)] ReadMemory at 0x6801208000 of 6024 bytes failed: Only part of a ReadProcessMemory or WriteProcessMemory request was completed. (0x12B)
[0130/205627.731:ERROR:process_memory_win.cc(73)] ReadMemory at 0x68013ea000 of 852 bytes failed: Only part of a ReadProcessMemory or WriteProcessMemory request was completed. (0x12B)
[0130/205627.731:ERROR:process_memory_win.cc(73)] ReadMemory at 0x68013eb000 of 6024 bytes failed: Only part of a ReadProcessMemory or WriteProcessMemory request was completed. (0x12B)
[0130/205627.731:ERROR:process_memory_win.cc(73)] ReadMemory at 0x68013ed000 of 6024 bytes failed: Only part of a ReadProcessMemory or WriteProcessMemory request was completed. (0x12B)
[0130/205627.731:ERROR:process_memory_win.cc(73)] ReadMemory at 0x68013ef000 of 6024 bytes failed: Only part of a ReadProcessMemory or WriteProcessMemory request was completed. (0x12B)
[0130/205627.731:ERROR:process_memory_win.cc(73)] ReadMemory at 0x68013f1000 of 6024 bytes failed: Only part of a ReadProcessMemory or WriteProcessMemory request was completed. (0x12B)
[0130/205627.731:ERROR:process_memory_win.cc(73)] ReadMemory at 0x68013f3000 of 6024 bytes failed: Only part of a ReadProcessMemory or WriteProcessMemory request was completed. (0x12B)
[0130/205627.731:ERROR:process_memory_win.cc(73)] ReadMemory at 0x68013f5000 of 6024 bytes failed: Only part of a ReadProcessMemory or WriteProcessMemory request was completed. (0x12B)
[0130/205627.731:ERROR:process_memory_win.cc(73)] ReadMemory at 0x68013f7000 of 6024 bytes failed: Only part of a ReadProcessMemory or WriteProcessMemory request was completed. (0x12B)
[0130/205627.731:ERROR:process_memory_win.cc(73)] ReadMemory at 0x68013f9000 of 6024 bytes failed: Only part of a ReadProcessMemory or WriteProcessMemory request was completed. (0x12B)
[0130/205627.731:ERROR:process_memory_win.cc(73)] ReadMemory at 0x68013fb000 of 6024 bytes failed: Only part of a ReadProcessMemory or WriteProcessMemory request was completed. (0x12B)
[0130/205627.731:ERROR:process_memory_win.cc(73)] ReadMemory at 0x68013fd000 of 6024 bytes failed: Only part of a ReadProcessMemory or WriteProcessMemory request was completed. (0x12B)
[0130/205627.731:ERROR:process_memory_win.cc(73)] ReadMemory at 0x17b77cb0750 of 80 bytes failed: Only part of a ReadProcessMemory or WriteProcessMemory request was completed. (0x12B)
[0130/205627.731:ERROR:process_memory_win.cc(73)] ReadMemory at 0x17b77cb0fe0 of 4430 bytes failed: Only part of a ReadProcessMemory or WriteProcessMemory request was completed. (0x12B)
[0130/205627.731:ERROR:process_memory_win.cc(73)] ReadMemory at 0x17b77cb2140 of 1012 bytes failed: Only part of a ReadProcessMemory or WriteProcessMemory request was completed. (0x12B)
[0130/205627.731:ERROR:process_memory_win.cc(73)] ReadMemory at 0x17b77cb2788 of 118 bytes failed: Only part of a ReadProcessMemory or WriteProcessMemory request was completed. (0x12B)
[0130/205627.731:ERROR:process_memory_win.cc(73)] ReadMemory at 0x17b77cb2800 of 1406 bytes failed: Only part of a ReadProcessMemory or WriteProcessMemory request was completed. (0x12B)
[0130/205627.731:ERROR:process_memory_win.cc(73)] ReadMemory at 0x17b77cb2d80 of 118 bytes failed: Only part of a ReadProcessMemory or WriteProcessMemory request was completed. (0x12B)
[0130/205627.731:ERROR:process_memory_win.cc(73)] ReadMemory at 0x17b77cb2df8 of 100 bytes failed: Only part of a ReadProcessMemory or WriteProcessMemory request was completed. (0x12B)
[0130/205627.731:ERROR:process_memory_win.cc(73)] ReadMemory at 0x17b77cb2e70 of 58 bytes failed: Only part of a ReadProcessMemory or WriteProcessMemory request was completed. (0x12B)
[0130/205627.731:ERROR:process_memory_win.cc(73)] ReadMemory at 0x17b77cb2f70 of 132 bytes failed: Only part of a ReadProcessMemory or WriteProcessMemory request was completed. (0x12B)
[0130/205627.731:ERROR:process_memory_win.cc(73)] ReadMemory at 0x17b77cb3100 of 132 bytes failed: Only part of a ReadProcessMemory or WriteProcessMemory request was completed. (0x12B)
[0130/205627.731:ERROR:process_memory_win.cc(73)] ReadMemory at 0x17b77cb32c0 of 126 bytes failed: Only part of a ReadProcessMemory or WriteProcessMemory request was completed. (0x12B)
[0130/205627.731:ERROR:process_memory_win.cc(73)] ReadMemory at 0x17b77cb36a0 of 132 bytes failed: Only part of a ReadProcessMemory or WriteProcessMemory request was completed. (0x12B)
[0130/205627.731:ERROR:process_memory_win.cc(73)] ReadMemory at 0x17b77cb3830 of 64 bytes failed: Only part of a ReadProcessMemory or WriteProcessMemory request was completed. (0x12B)
[0130/205627.731:ERROR:process_memory_win.cc(73)] ReadMemory at 0x17b77cb3880 of 132 bytes failed: Only part of a ReadProcessMemory or WriteProcessMemory request was completed. (0x12B)
[0130/205627.731:ERROR:process_memory_win.cc(73)] ReadMemory at 0x17b77cb39f0 of 132 bytes failed: Only part of a ReadProcessMemory or WriteProcessMemory request was completed. (0x12B)
[0130/205627.731:ERROR:process_memory_win.cc(73)] ReadMemory at 0x17b77cb3c90 of 132 bytes failed: Only part of a ReadProcessMemory or WriteProcessMemory request was completed. (0x12B)
[0130/205627.731:ERROR:process_memory_win.cc(73)] ReadMemory at 0x17b77cb3e20 of 68 bytes failed: Only part of a ReadProcessMemory or WriteProcessMemory request was completed. (0x12B)
[0130/205627.731:ERROR:process_memory_win.cc(73)] ReadMemory at 0x17b77cb4fd0 of 158 bytes failed: Only part of a ReadProcessMemory or WriteProcessMemory request was completed. (0x12B)
[0130/205627.731:ERROR:process_memory_win.cc(73)] ReadMemory at 0x17b77cb50b0 of 132 bytes failed: Only part of a ReadProcessMemory or WriteProcessMemory request was completed. (0x12B)
[0130/205627.731:ERROR:process_memory_win.cc(73)] ReadMemory at 0x17b77cb51e0 of 154 bytes failed: Only part of a ReadProcessMemory or WriteProcessMemory request was completed. (0x12B)
[0130/205627.731:ERROR:process_memory_win.cc(73)] ReadMemory at 0x17b77cb5fc0 of 62 bytes failed: Only part of a ReadProcessMemory or WriteProcessMemory request was completed. (0x12B)
[0130/205627.731:ERROR:process_memory_win.cc(73)] ReadMemory at 0x17b77cb6010 of 132 bytes failed: Only part of a ReadProcessMemory or WriteProcessMemory request was completed. (0x12B)
[0130/205627.731:ERROR:process_memory_win.cc(73)] ReadMemory at 0x17b77cb61b0 of 132 bytes failed: Only part of a ReadProcessMemory or WriteProcessMemory request was completed. (0x12B)
[0130/205627.731:ERROR:process_memory_win.cc(73)] ReadMemory at 0x17b77cb62e0 of 60 bytes failed: Only part of a ReadProcessMemory or WriteProcessMemory request was completed. (0x12B)
[0130/205627.731:ERROR:process_memory_win.cc(73)] ReadMemory at 0x17b77cb6a3c of 512 bytes failed: Only part of a ReadProcessMemory or WriteProcessMemory request was completed. (0x12B)
[0130/205627.731:ERROR:process_memory_win.cc(73)] ReadMemory at 0x17b77cb79c0 of 132 bytes failed: Only part of a ReadProcessMemory or WriteProcessMemory request was completed. (0x12B)
[0130/205627.731:ERROR:process_memory_win.cc(73)] ReadMemory at 0x17b77cb7c70 of 132 bytes failed: Only part of a ReadProcessMemory or WriteProcessMemory request was completed. (0x12B)
[0130/205627.731:ERROR:process_memory_win.cc(73)] ReadMemory at 0x17b77cbab70 of 64 bytes failed: Only part of a ReadProcessMemory or WriteProcessMemory request was completed. (0x12B)
[0130/205627.731:ERROR:process_memory_win.cc(73)] ReadMemory at 0x17b77cbac60 of 62 bytes failed: Only part of a ReadProcessMemory or WriteProcessMemory request was completed. (0x12B)
[0130/205627.731:ERROR:process_memory_win.cc(73)] ReadMemory at 0x17b77cbacb0 of 64 bytes failed: Only part of a ReadProcessMemory or WriteProcessMemory request was completed. (0x12B)
[0130/205627.731:ERROR:process_memory_win.cc(73)] ReadMemory at 0x17b77cbad50 of 60 bytes failed: Only part of a ReadProcessMemory or WriteProcessMemory request was completed. (0x12B)
[0130/205627.731:ERROR:process_memory_win.cc(73)] ReadMemory at 0x17b77cbada0 of 64 bytes failed: Only part of a ReadProcessMemory or WriteProcessMemory request was completed. (0x12B)
[0130/205627.731:ERROR:process_memory_win.cc(73)] ReadMemory at 0x17b77cbadf0 of 66 bytes failed: Only part of a ReadProcessMemory or WriteProcessMemory request was completed. (0x12B)
[0130/205627.731:ERROR:process_memory_win.cc(73)] ReadMemory at 0x17b77cbb020 of 62 bytes failed: Only part of a ReadProcessMemory or WriteProcessMemory request was completed. (0x12B)
[0130/205627.731:ERROR:process_memory_win.cc(73)] ReadMemory at 0x17b77cbb1b0 of 64 bytes failed: Only part of a ReadProcessMemory or WriteProcessMemory request was completed. (0x12B)
[0130/205627.731:ERROR:process_memory_win.cc(73)] ReadMemory at 0x17b77cbb250 of 60 bytes failed: Only part of a ReadProcessMemory or WriteProcessMemory request was completed. (0x12B)
[0130/205627.731:ERROR:process_memory_win.cc(73)] ReadMemory at 0x17b77cbb380 of 132 bytes failed: Only part of a ReadProcessMemory or WriteProcessMemory request was completed. (0x12B)
[0130/205627.731:ERROR:process_memory_win.cc(73)] ReadMemory at 0x17b77cbb4b0 of 132 bytes failed: Only part of a ReadProcessMemory or WriteProcessMemory request was completed. (0x12B)
[0130/205627.731:ERROR:process_memory_win.cc(73)] ReadMemory at 0x17b77cbb5e0 of 132 bytes failed: Only part of a ReadProcessMemory or WriteProcessMemory request was completed. (0x12B)
[0130/205627.731:ERROR:process_memory_win.cc(73)] ReadMemory at 0x17b77cbb710 of 132 bytes failed: Only part of a ReadProcessMemory or WriteProcessMemory request was completed. (0x12B)
[0130/205627.731:ERROR:process_memory_win.cc(73)] ReadMemory at 0x17b77cbb840 of 132 bytes failed: Only part of a ReadProcessMemory or WriteProcessMemory request was completed. (0x12B)
[0130/205627.731:ERROR:process_memory_win.cc(73)] ReadMemory at 0x17b77cbb970 of 132 bytes failed: Only part of a ReadProcessMemory or WriteProcessMemory request was completed. (0x12B)
[0130/205627.731:ERROR:process_memory_win.cc(73)] ReadMemory at 0x17b77cbbaa0 of 132 bytes failed: Only part of a ReadProcessMemory or WriteProcessMemory request was completed. (0x12B)
[0130/205627.731:ERROR:process_memory_win.cc(73)] ReadMemory at 0x17b77cbbbd0 of 132 bytes failed: Only part of a ReadProcessMemory or WriteProcessMemory request was completed. (0x12B)
[0130/205627.731:ERROR:process_memory_win.cc(73)] ReadMemory at 0x17b77cbbe30 of 132 bytes failed: Only part of a ReadProcessMemory or WriteProcessMemory request was completed. (0x12B)
[0130/205627.731:ERROR:process_memory_win.cc(73)] ReadMemory at 0x17b77cbbf60 of 132 bytes failed: Only part of a ReadProcessMemory or WriteProcessMemory request was completed. (0x12B)
[0130/205627.731:ERROR:process_memory_win.cc(73)] ReadMemory at 0x17b77cbc090 of 132 bytes failed: Only part of a ReadProcessMemory or WriteProcessMemory request was completed. (0x12B)
[0130/205627.731:ERROR:process_memory_win.cc(73)] ReadMemory at 0x17b77cbc1c0 of 132 bytes failed: Only part of a ReadProcessMemory or WriteProcessMemory request was completed. (0x12B)
[0130/205627.731:ERROR:process_memory_win.cc(73)] ReadMemory at 0x17b77cbc590 of 78 bytes failed: Only part of a ReadProcessMemory or WriteProcessMemory request was completed. (0x12B)
[0130/205627.731:ERROR:process_memory_win.cc(73)] ReadMemory at 0x17b77cbc650 of 76 bytes failed: Only part of a ReadProcessMemory or WriteProcessMemory request was completed. (0x12B)
[0130/205627.731:ERROR:process_memory_win.cc(73)] ReadMemory at 0x17b77cbe280 of 132 bytes failed: Only part of a ReadProcessMemory or WriteProcessMemory request was completed. (0x12B)
[0130/205627.731:ERROR:process_memory_win.cc(73)] ReadMemory at 0x17b77cbfef0 of 54 bytes failed: Only part of a ReadProcessMemory or WriteProcessMemory request was completed. (0x12B)
[0130/205627.731:ERROR:process_memory_win.cc(73)] ReadMemory at 0x17b77cc1ef0 of 132 bytes failed: Only part of a ReadProcessMemory or WriteProcessMemory request was completed. (0x12B)
[0130/205627.731:ERROR:process_memory_win.cc(73)] ReadMemory at 0x17b77cc2020 of 132 bytes failed: Only part of a ReadProcessMemory or WriteProcessMemory request was completed. (0x12B)
[0130/205627.731:ERROR:process_memory_win.cc(73)] ReadMemory at 0x17b77cc3b70 of 132 bytes failed: Only part of a ReadProcessMemory or WriteProcessMemory request was completed. (0x12B)
[0130/205627.731:ERROR:process_memory_win.cc(73)] ReadMemory at 0x17b77cc3e50 of 132 bytes failed: Only part of a ReadProcessMemory or WriteProcessMemory request was completed. (0x12B)
[0130/205627.731:ERROR:process_memory_win.cc(73)] ReadMemory at 0x17b77cc4a10 of 132 bytes failed: Only part of a ReadProcessMemory or WriteProcessMemory request was completed. (0x12B)
[0130/205627.731:ERROR:process_memory_win.cc(73)] ReadMemory at 0x17b77cc4f50 of 66 bytes failed: Only part of a ReadProcessMemory or WriteProcessMemory request was completed. (0x12B)
[0130/205627.731:ERROR:process_memory_win.cc(73)] ReadMemory at 0x17b77cc4ff0 of 62 bytes failed: Only part of a ReadProcessMemory or WriteProcessMemory request was completed. (0x12B)
[0130/205627.731:ERROR:process_memory_win.cc(73)] ReadMemory at 0x17b77cc5090 of 64 bytes failed: Only part of a ReadProcessMemory or WriteProcessMemory request was completed. (0x12B)
[0130/205627.731:ERROR:process_memory_win.cc(73)] ReadMemory at 0x17b77cc50e0 of 62 bytes failed: Only part of a ReadProcessMemory or WriteProcessMemory request was completed. (0x12B)
[0130/205627.731:ERROR:process_memory_win.cc(73)] ReadMemory at 0x17b77cc5130 of 62 bytes failed: Only part of a ReadProcessMemory or WriteProcessMemory request was completed. (0x12B)
[0130/205627.731:ERROR:process_memory_win.cc(73)] ReadMemory at 0x17b77cc51d0 of 62 bytes failed: Only part of a ReadProcessMemory or WriteProcessMemory request was completed. (0x12B)
[0130/205627.731:ERROR:process_memory_win.cc(73)] ReadMemory at 0x17b77cc5450 of 60 bytes failed: Only part of a ReadProcessMemory or WriteProcessMemory request was completed. (0x12B)
[0130/205627.731:ERROR:process_memory_win.cc(73)] ReadMemory at 0x17b77cc54f0 of 62 bytes failed: Only part of a ReadProcessMemory or WriteProcessMemory request was completed. (0x12B)
[0130/205627.731:ERROR:process_memory_win.cc(73)] ReadMemory at 0x17b77cc5540 of 58 bytes failed: Only part of a ReadProcessMemory or WriteProcessMemory request was completed. (0x12B)
[0130/205627.731:ERROR:process_memory_win.cc(73)] ReadMemory at 0x17b77cc56d0 of 62 bytes failed: Only part of a ReadProcessMemory or WriteProcessMemory request was completed. (0x12B)
[0130/205627.731:ERROR:process_memory_win.cc(73)] ReadMemory at 0x17b77cc5720 of 60 bytes failed: Only part of a ReadProcessMemory or WriteProcessMemory request was completed. (0x12B)
[0130/205627.731:ERROR:process_memory_win.cc(73)] ReadMemory at 0x17b77cc5770 of 58 bytes failed: Only part of a ReadProcessMemory or WriteProcessMemory request was completed. (0x12B)
[0130/205627.731:ERROR:process_memory_win.cc(73)] ReadMemory at 0x17b77cc57c0 of 60 bytes failed: Only part of a ReadProcessMemory or WriteProcessMemory request was completed. (0x12B)
[0130/205627.731:ERROR:process_memory_win.cc(73)] ReadMemory at 0x17b77cc5810 of 62 bytes failed: Only part of a ReadProcessMemory or WriteProcessMemory request was completed. (0x12B)
[0130/205627.731:ERROR:process_memory_win.cc(73)] ReadMemory at 0x17b77cc5950 of 64 bytes failed: Only part of a ReadProcessMemory or WriteProcessMemory request was completed. (0x12B)
[0130/205627.731:ERROR:process_memory_win.cc(73)] ReadMemory at 0x17b77cc59a0 of 62 bytes failed: Only part of a ReadProcessMemory or WriteProcessMemory request was completed. (0x12B)
[0130/205627.731:ERROR:process_memory_win.cc(73)] ReadMemory at 0x17b77cc5a90 of 60 bytes failed: Only part of a ReadProcessMemory or WriteProcessMemory request was completed. (0x12B)
[0130/205627.731:ERROR:process_memory_win.cc(73)] ReadMemory at 0x17b77cc5ae0 of 62 bytes failed: Only part of a ReadProcessMemory or WriteProcessMemory request was completed. (0x12B)
[0130/205627.731:ERROR:process_memory_win.cc(73)] ReadMemory at 0x17b77cc5c20 of 64 bytes failed: Only part of a ReadProcessMemory or WriteProcessMemory request was completed. (0x12B)
[0130/205627.731:ERROR:process_memory_win.cc(73)] ReadMemory at 0x17b77cc5d10 of 64 bytes failed: Only part of a ReadProcessMemory or WriteProcessMemory request was completed. (0x12B)
[0130/205627.731:ERROR:process_memory_win.cc(73)] ReadMemory at 0x17b77cc5e00 of 64 bytes failed: Only part of a ReadProcessMemory or WriteProcessMemory request was completed. (0x12B)
[0130/205627.731:ERROR:process_memory_win.cc(73)] ReadMemory at 0x17b77cc5ea0 of 62 bytes failed: Only part of a ReadProcessMemory or WriteProcessMemory request was completed. (0x12B)
[0130/205627.731:ERROR:process_memory_win.cc(73)] ReadMemory at 0x17b77cc6fa0 of 132 bytes failed: Only part of a ReadProcessMemory or WriteProcessMemory request was completed. (0x12B)
[0130/205627.731:ERROR:process_memory_win.cc(73)] ReadMemory at 0x17b77cc70d0 of 132 bytes failed: Only part of a ReadProcessMemory or WriteProcessMemory request was completed. (0x12B)
[0130/205627.731:ERROR:process_memory_win.cc(73)] ReadMemory at 0x17b77cc7200 of 132 bytes failed: Only part of a ReadProcessMemory or WriteProcessMemory request was completed. (0x12B)
[0130/205627.731:ERROR:process_memory_win.cc(73)] ReadMemory at 0x17b77cc7590 of 132 bytes failed: Only part of a ReadProcessMemory or WriteProcessMemory request was completed. (0x12B)
[0130/205627.731:ERROR:process_memory_win.cc(73)] ReadMemory at 0x17b77cc76c0 of 132 bytes failed: Only part of a ReadProcessMemory or WriteProcessMemory request was completed. (0x12B)
[0130/205627.731:ERROR:process_memory_win.cc(73)] ReadMemory at 0x17b77cc77f0 of 132 bytes failed: Only part of a ReadProcessMemory or WriteProcessMemory request was completed. (0x12B)
[0130/205627.731:ERROR:process_memory_win.cc(73)] ReadMemory at 0x17b77cc7920 of 132 bytes failed: Only part of a ReadProcessMemory or WriteProcessMemory request was completed. (0x12B)
[0130/205627.731:ERROR:process_memory_win.cc(73)] ReadMemory at 0x17b77cc7a50 of 132 bytes failed: Only part of a ReadProcessMemory or WriteProcessMemory request was completed. (0x12B)
[0130/205627.731:ERROR:process_memory_win.cc(73)] ReadMemory at 0x17b77cc7b80 of 132 bytes failed: Only part of a ReadProcessMemory or WriteProcessMemory request was completed. (0x12B)
[0130/205627.731:ERROR:process_memory_win.cc(73)] ReadMemory at 0x17b77cc7cb0 of 132 bytes failed: Only part of a ReadProcessMemory or WriteProcessMemory request was completed. (0x12B)
[0130/205627.731:ERROR:process_memory_win.cc(73)] ReadMemory at 0x17b77cc7de0 of 132 bytes failed: Only part of a ReadProcessMemory or WriteProcessMemory request was completed. (0x12B)
[0130/205627.731:ERROR:process_memory_win.cc(73)] ReadMemory at 0x17b77cc7f10 of 132 bytes failed: Only part of a ReadProcessMemory or WriteProcessMemory request was completed. (0x12B)
[0130/205627.731:ERROR:process_memory_win.cc(73)] ReadMemory at 0x17b77cc8040 of 132 bytes failed: Only part of a ReadProcessMemory or WriteProcessMemory request was completed. (0x12B)
[0130/205627.731:ERROR:process_memory_win.cc(73)] ReadMemory at 0x17b77cc8170 of 132 bytes failed: Only part of a ReadProcessMemory or WriteProcessMemory request was completed. (0x12B)
[0130/205627.731:ERROR:process_memory_win.cc(73)] ReadMemory at 0x17b77cc83d0 of 132 bytes failed: Only part of a ReadProcessMemory or WriteProcessMemory request was completed. (0x12B)
[0130/205627.731:ERROR:process_memory_win.cc(73)] ReadMemory at 0x17b77cc8500 of 132 bytes failed: Only part of a ReadProcessMemory or WriteProcessMemory request was completed. (0x12B)
[0130/205627.731:ERROR:process_memory_win.cc(73)] ReadMemory at 0x17b77cc89c0 of 132 bytes failed: Only part of a ReadProcessMemory or WriteProcessMemory request was completed. (0x12B)
[0130/205627.731:ERROR:process_memory_win.cc(73)] ReadMemory at 0x17b77cc8af0 of 132 bytes failed: Only part of a ReadProcessMemory or WriteProcessMemory request was completed. (0x12B)
[0130/205627.731:ERROR:process_memory_win.cc(73)] ReadMemory at 0x17b77cc8c20 of 132 bytes failed: Only part of a ReadProcessMemory or WriteProcessMemory request was completed. (0x12B)
[0130/205627.731:ERROR:process_memory_win.cc(73)] ReadMemory at 0x17b77cc8d50 of 132 bytes failed: Only part of a ReadProcessMemory or WriteProcessMemory request was completed. (0x12B)
[0130/205627.731:ERROR:process_memory_win.cc(73)] ReadMemory at 0x17b77cd8db0 of 66 bytes failed: Only part of a ReadProcessMemory or WriteProcessMemory request was completed. (0x12B)
[0130/205627.731:ERROR:process_memory_win.cc(73)] ReadMemory at 0x17b77cd91c0 of 62 bytes failed: Only part of a ReadProcessMemory or WriteProcessMemory request was completed. (0x12B)
[0130/205627.731:ERROR:process_memory_win.cc(73)] ReadMemory at 0x17b77cd9210 of 60 bytes failed: Only part of a ReadProcessMemory or WriteProcessMemory request was completed. (0x12B)
[0130/205627.731:ERROR:process_memory_win.cc(73)] ReadMemory at 0x17b77cd93a0 of 58 bytes failed: Only part of a ReadProcessMemory or WriteProcessMemory request was completed. (0x12B)
[0130/205627.731:ERROR:process_memory_win.cc(73)] ReadMemory at 0x17b77cd95d0 of 58 bytes failed: Only part of a ReadProcessMemory or WriteProcessMemory request was completed. (0x12B)
[0130/205627.731:ERROR:process_memory_win.cc(73)] ReadMemory at 0x17b77cd9760 of 60 bytes failed: Only part of a ReadProcessMemory or WriteProcessMemory request was completed. (0x12B)
[0130/205627.731:ERROR:process_memory_win.cc(73)] ReadMemory at 0x17b77ce0750 of 512 bytes failed: Only part of a ReadProcessMemory or WriteProcessMemory request was completed. (0x12B)
[0130/205627.731:ERROR:process_memory_win.cc(73)] ReadMemory at 0x17b77ce6090 of 512 bytes failed: Only part of a ReadProcessMemory or WriteProcessMemory request was completed. (0x12B)
[0130/205627.731:ERROR:process_memory_win.cc(73)] ReadMemory at 0x17b77dd0e80 of 512 bytes failed: Only part of a ReadProcessMemory or WriteProcessMemory request was completed. (0x12B)
[0130/205627.731:ERROR:process_memory_win.cc(73)] ReadMemory at 0x17b77dd1180 of 512 bytes failed: Only part of a ReadProcessMemory or WriteProcessMemory request was completed. (0x12B)
[0130/205627.731:ERROR:process_memory_win.cc(73)] ReadMemory at 0x17b77e94000 of 512 bytes failed: Only part of a ReadProcessMemory or WriteProcessMemory request was completed. (0x12B)
[0130/205627.731:ERROR:process_memory_win.cc(73)] ReadMemory at 0x17b77e943c0 of 512 bytes failed: Only part of a ReadProcessMemory or WriteProcessMemory request was completed. (0x12B)
[0130/205627.731:ERROR:process_memory_win.cc(73)] ReadMemory at 0x17b77eadf10 of 712 bytes failed: Only part of a ReadProcessMemory or WriteProcessMemory request was completed. (0x12B)
[0130/205627.731:ERROR:process_memory_win.cc(73)] ReadMemory at 0x17b77f3c100 of 520 bytes failed: Only part of a ReadProcessMemory or WriteProcessMemory request was completed. (0x12B)
[0130/205627.731:ERROR:process_memory_win.cc(73)] ReadMemory at 0x17b77f68c70 of 512 bytes failed: Only part of a ReadProcessMemory or WriteProcessMemory request was completed. (0x12B)
[0130/205627.731:ERROR:process_memory_win.cc(73)] ReadMemory at 0x17b7a010000 of 384 bytes failed: Only part of a ReadProcessMemory or WriteProcessMemory request was completed. (0x12B)
[0130/205627.731:ERROR:process_memory_win.cc(73)] ReadMemory at 0x17b7a0384b0 of 512 bytes failed: Only part of a ReadProcessMemory or WriteProcessMemory request was completed. (0x12B)
[0130/205627.731:ERROR:process_memory_win.cc(73)] ReadMemory at 0x17b7a03b328 of 512 bytes failed: Only part of a ReadProcessMemory or WriteProcessMemory request was completed. (0x12B)
[0130/205627.731:ERROR:process_memory_win.cc(73)] ReadMemory at 0x17b7a03bcb8 of 656 bytes failed: Only part of a ReadProcessMemory or WriteProcessMemory request was completed. (0x12B)
[0130/205627.731:ERROR:process_memory_win.cc(73)] ReadMemory at 0x17b7a13fe70 of 512 bytes failed: Only part of a ReadProcessMemory or WriteProcessMemory request was completed. (0x12B)
[0130/205627.731:ERROR:process_memory_win.cc(73)] ReadMemory at 0x17b7a784180 of 512 bytes failed: Only part of a ReadProcessMemory or WriteProcessMemory request was completed. (0x12B)
[0130/205627.731:ERROR:process_memory_win.cc(73)] ReadMemory at 0x17b7a7a2700 of 512 bytes failed: Only part of a ReadProcessMemory or WriteProcessMemory request was completed. (0x12B)
[0130/205627.731:ERROR:process_memory_win.cc(73)] ReadMemory at 0x17b7a7c2ab0 of 512 bytes failed: Only part of a ReadProcessMemory or WriteProcessMemory request was completed. (0x12B)
[0130/205627.731:ERROR:process_memory_win.cc(73)] ReadMemory at 0x17b7a914fe0 of 704 bytes failed: Only part of a ReadProcessMemory or WriteProcessMemory request was completed. (0x12B)
[0130/205627.731:ERROR:process_memory_win.cc(73)] ReadMemory at 0x17b7a9b8b10 of 512 bytes failed: Only part of a ReadProcessMemory or WriteProcessMemory request was completed. (0x12B)
[0130/205627.731:ERROR:process_memory_win.cc(73)] ReadMemory at 0x17b7ab34e20 of 512 bytes failed: Only part of a ReadProcessMemory or WriteProcessMemory request was completed. (0x12B)
[0130/205627.731:ERROR:process_memory_win.cc(73)] ReadMemory at 0x17b7af57260 of 512 bytes failed: Only part of a ReadProcessMemory or WriteProcessMemory request was completed. (0x12B)
[0130/205627.731:ERROR:process_memory_win.cc(73)] ReadMemory at 0x21ecdfac5f20 of 512 bytes failed: Only part of a ReadProcessMemory or WriteProcessMemory request was completed. (0x12B)
[0130/205627.731:ERROR:process_memory_win.cc(73)] ReadMemory at 0x2c3312b9bbb0 of 512 bytes failed: Only part of a ReadProcessMemory or WriteProcessMemory request was completed. (0x12B)
[0130/205627.731:ERROR:process_memory_win.cc(73)] ReadMemory at 0x7ffa7f7f2f1a of 512 bytes failed: Only part of a ReadProcessMemory or WriteProcessMemory request was completed. (0x12B)
[0130/205627.731:ERROR:process_memory_win.cc(73)] ReadMemory at 0x7ffa7fe3f0ec of 512 bytes failed: Only part of a ReadProcessMemory or WriteProcessMemory request was completed. (0x12B)
[0130/205627.731:ERROR:process_memory_win.cc(73)] ReadMemory at 0x7ffad609a7b9 of 512 bytes failed: Only part of a ReadProcessMemory or WriteProcessMemory request was completed. (0x12B)
[0130/205627.731:ERROR:process_memory_win.cc(73)] ReadMemory at 0x7ffad62cb6d0 of 512 bytes failed: Only part of a ReadProcessMemory or WriteProcessMemory request was completed. (0x12B)
[0130/205627.731:ERROR:process_memory_win.cc(73)] ReadMemory at 0x7ffad845c0c4 of 672 bytes failed: Only part of a ReadProcessMemory or WriteProcessMemory request was completed. (0x12B)
[0130/205627.731:ERROR:process_memory_win.cc(73)] ReadMemory at 0x7ffad845c6c4 of 512 bytes failed: Only part of a ReadProcessMemory or WriteProcessMemory request was completed. (0x12B)
[0130/205627.731:ERROR:process_memory_win.cc(73)] ReadMemory at 0x7ffad845f974 of 608 bytes failed: Only part of a ReadProcessMemory or WriteProcessMemory request was completed. (0x12B)
[0130/205627.731:ERROR:process_memory_win.cc(73)] ReadMemory at 0x7ffad84ec428 of 18 bytes failed: Only part of a ReadProcessMemory or WriteProcessMemory request was completed. (0x12B)
[0130/205627.731:ERROR:process_memory_win.cc(73)] ReadMemory at 0x7ffad851f4f8 of 40 bytes failed: Only part of a ReadProcessMemory or WriteProcessMemory request was completed. (0x12B)
[0130/205627.731:ERROR:process_memory_win.cc(73)] ReadMemory at 0x7ffad851f978 of 48 bytes failed: Only part of a ReadProcessMemory or WriteProcessMemory request was completed. (0x12B)
[0130/205627.731:ERROR:process_memory_win.cc(73)] ReadMemory at 0x7ffad85253c0 of 64 bytes failed: Only part of a ReadProcessMemory or WriteProcessMemory request was completed. (0x12B)
[0130/205627.731:ERROR:scoped_process_suspend.cc(40)] NtResumeProcess: An attempt was made to access an exiting process. (0xc000010a)
